<?xml version="1.0" encoding="UTF-8"?>
<!-- Generated by org.testng.reporters.JUnitXMLReporter -->
<testsuite ignored="0" hostname="Lenovo" failures="0" tests="6" name="Default test" time="55.275" errors="0" timestamp="02 Aug 2021 04:14:26 GMT">
  <testcase classname="org.test.edu.TestSample1" name="tc1" time="11.073"/>
  <testcase classname="org.test.edu.TestSample1" name="tc1" time="15.582"/>
  <testcase classname="org.test.edu.TestSample1" name="tc1" time="12.555"/>
  <testcase classname="org.test.edu.TestSample1" name="tc1" time="15.832"/>
  <testcase classname="org.test.edu.TestSample1" name="tc2" time="0.006"/>
  <testcase classname="org.test.edu.TestSample1" name="tc3" time="0.01"/>
</testsuite> <!-- Default test -->
