<?xml version="1.0" encoding="UTF-8"?>
<!-- Generated by org.testng.reporters.JUnitXMLReporter -->
<testsuite ignored="0" hostname="Lenovo" failures="0" tests="13" name="Test" time="59.354" errors="0" timestamp="02 Aug 2021 09:14:26 GMT">
  <testcase classname="org.test.edu.TestSample3" name="ts3" time="0.011"/>
  <testcase classname="org.test.edu.TestSample3" name="ts31" time="0.02"/>
  <testcase classname="org.test.edu.TestSample3" name="ts32" time="0.002"/>
  <testcase classname="org.test.edu.TestSample2" name="ts2" time="0.002"/>
  <testcase classname="org.test.edu.TestSample2" name="ts22" time="0.015"/>
  <testcase classname="org.test.edu.TestSample2" name="ts23" time="0.009"/>
  <testcase classname="org.test.edu.TestSample1" name="tc1" time="12.782"/>
  <testcase classname="org.test.edu.TestSample1" name="tc1" time="8.955"/>
  <testcase classname="org.test.edu.TestSample1" name="tc1" time="11.609"/>
  <testcase classname="org.test.edu.TestSample1" name="tc1" time="11.159"/>
  <testcase classname="org.test.edu.TestSample1" name="tc1" time="14.572"/>
  <testcase classname="org.test.edu.TestSample1" name="tc2" time="0.003"/>
  <testcase classname="org.test.edu.TestSample1" name="tc3" time="0.002"/>
</testsuite> <!-- Test -->
