<?xml version="1.0" encoding="UTF-8"?>
<!-- Generated by org.testng.reporters.JUnitXMLReporter -->
<testsuite ignored="0" hostname="Lenovo" failures="0" tests="13" name="Test" time="62.595" errors="0" timestamp="02 Aug 2021 04:23:40 GMT">
  <testcase classname="org.test.edu.TestSample3" name="ts3" time="0.022"/>
  <testcase classname="org.test.edu.TestSample3" name="ts31" time="0.033"/>
  <testcase classname="org.test.edu.TestSample3" name="ts32" time="0.016"/>
  <testcase classname="org.test.edu.TestSample2" name="ts2" time="0.019"/>
  <testcase classname="org.test.edu.TestSample2" name="ts22" time="0.009"/>
  <testcase classname="org.test.edu.TestSample2" name="ts23" time="0.009"/>
  <testcase classname="org.test.edu.TestSample1" name="tc1" time="11.07"/>
  <testcase classname="org.test.edu.TestSample1" name="tc1" time="13.268"/>
  <testcase classname="org.test.edu.TestSample1" name="tc1" time="8.912"/>
  <testcase classname="org.test.edu.TestSample1" name="tc1" time="11.937"/>
  <testcase classname="org.test.edu.TestSample1" name="tc1" time="16.989"/>
  <testcase classname="org.test.edu.TestSample1" name="tc2" time="0.019"/>
  <testcase classname="org.test.edu.TestSample1" name="tc3" time="0.002"/>
</testsuite> <!-- Test -->
