<?xml version="1.0" encoding="UTF-8"?>
<testng-results ignored="0" total="13" passed="13" failed="0" skipped="0">
  <reporter-output>
  </reporter-output>
  <suite started-at="2021-08-02T04:22:35Z" name="Suite" finished-at="2021-08-02T04:23:38Z" duration-ms="62595">
    <groups>
    </groups>
    <test started-at="2021-08-02T04:22:35Z" name="Test" finished-at="2021-08-02T04:23:38Z" duration-ms="62595">
      <class name="org.test.edu.TestSample3">
        <test-method is-config="true" signature="befoer()[pri:0, instance:org.test.edu.TestSample3@712625fd]" started-at="2021-08-02T04:22:36Z" name="befoer" finished-at="2021-08-02T04:22:36Z" duration-ms="30" status="PASS">
          <reporter-output>
          </reporter-output>
        </test-method> <!-- befoer -->
        <test-method signature="ts3()[pri:0, instance:org.test.edu.TestSample3@712625fd]" started-at="2021-08-02T04:22:36Z" name="ts3" finished-at="2021-08-02T04:22:36Z" duration-ms="22" status="PASS">
          <reporter-output>
          </reporter-output>
        </test-method> <!-- ts3 -->
        <test-method signature="ts31()[pri:0, instance:org.test.edu.TestSample3@712625fd]" started-at="2021-08-02T04:22:36Z" name="ts31" finished-at="2021-08-02T04:22:36Z" duration-ms="33" status="PASS">
          <reporter-output>
          </reporter-output>
        </test-method> <!-- ts31 -->
        <test-method signature="ts32()[pri:0, instance:org.test.edu.TestSample3@712625fd]" started-at="2021-08-02T04:22:36Z" name="ts32" finished-at="2021-08-02T04:22:36Z" duration-ms="16" status="PASS">
          <reporter-output>
          </reporter-output>
        </test-method> <!-- ts32 -->
        <test-method is-config="true" signature="after()[pri:0, instance:org.test.edu.TestSample3@712625fd]" started-at="2021-08-02T04:22:36Z" name="after" finished-at="2021-08-02T04:22:36Z" duration-ms="1" status="PASS">
          <reporter-output>
          </reporter-output>
        </test-method> <!-- after -->
      </class> <!-- org.test.edu.TestSample3 -->
      <class name="org.test.edu.TestSample2">
        <test-method is-config="true" signature="befor()[pri:0, instance:org.test.edu.TestSample2@7bba5817]" started-at="2021-08-02T04:22:36Z" name="befor" finished-at="2021-08-02T04:22:36Z" duration-ms="1" status="PASS">
          <reporter-output>
          </reporter-output>
        </test-method> <!-- befor -->
        <test-method signature="ts2()[pri:0, instance:org.test.edu.TestSample2@7bba5817]" started-at="2021-08-02T04:22:36Z" name="ts2" finished-at="2021-08-02T04:22:36Z" duration-ms="19" status="PASS">
          <reporter-output>
          </reporter-output>
        </test-method> <!-- ts2 -->
        <test-method is-config="true" signature="befor()[pri:0, instance:org.test.edu.TestSample2@7bba5817]" started-at="2021-08-02T04:22:36Z" name="befor" finished-at="2021-08-02T04:22:36Z" duration-ms="1" status="PASS">
          <reporter-output>
          </reporter-output>
        </test-method> <!-- befor -->
        <test-method signature="ts22()[pri:0, instance:org.test.edu.TestSample2@7bba5817]" started-at="2021-08-02T04:22:36Z" name="ts22" finished-at="2021-08-02T04:22:36Z" duration-ms="9" status="PASS">
          <reporter-output>
          </reporter-output>
        </test-method> <!-- ts22 -->
        <test-method is-config="true" signature="befor()[pri:0, instance:org.test.edu.TestSample2@7bba5817]" started-at="2021-08-02T04:22:36Z" name="befor" finished-at="2021-08-02T04:22:36Z" duration-ms="0" status="PASS">
          <reporter-output>
          </reporter-output>
        </test-method> <!-- befor -->
        <test-method signature="ts23()[pri:0, instance:org.test.edu.TestSample2@7bba5817]" started-at="2021-08-02T04:22:36Z" name="ts23" finished-at="2021-08-02T04:22:36Z" duration-ms="9" status="PASS">
          <reporter-output>
          </reporter-output>
        </test-method> <!-- ts23 -->
      </class> <!-- org.test.edu.TestSample2 -->
      <class name="org.test.edu.TestSample1">
        <test-method is-config="true" signature="before()[pri:0, instance:org.test.edu.TestSample1@742ff096]" started-at="2021-08-02T04:22:36Z" name="before" finished-at="2021-08-02T04:22:36Z" duration-ms="2" status="PASS">
          <reporter-output>
          </reporter-output>
        </test-method> <!-- before -->
        <test-method signature="tc1(java.lang.String, java.lang.String)[pri:0, instance:org.test.edu.TestSample1@742ff096]" started-at="2021-08-02T04:22:36Z" name="tc1" data-provider="Test Data" finished-at="2021-08-02T04:22:47Z" duration-ms="11070" status="PASS">
          <params>
            <param index="0">
              <value>
                <![CDATA[Karthik]]>
              </value>
            </param>
            <param index="1">
              <value>
                <![CDATA[112111234]]>
              </value>
            </param>
          </params>
          <reporter-output>
          </reporter-output>
        </test-method> <!-- tc1 -->
        <test-method signature="tc1(java.lang.String, java.lang.String)[pri:0, instance:org.test.edu.TestSample1@742ff096]" started-at="2021-08-02T04:22:47Z" name="tc1" data-provider="Test Data" finished-at="2021-08-02T04:23:00Z" duration-ms="13268" status="PASS">
          <params>
            <param index="0">
              <value>
                <![CDATA[Aakakja]]>
              </value>
            </param>
            <param index="1">
              <value>
                <![CDATA[12133313]]>
              </value>
            </param>
          </params>
          <reporter-output>
          </reporter-output>
        </test-method> <!-- tc1 -->
        <test-method signature="tc1(java.lang.String, java.lang.String)[pri:0, instance:org.test.edu.TestSample1@742ff096]" started-at="2021-08-02T04:23:00Z" name="tc1" data-provider="Test Data" finished-at="2021-08-02T04:23:09Z" duration-ms="8912" status="PASS">
          <params>
            <param index="0">
              <value>
                <![CDATA[alaan]]>
              </value>
            </param>
            <param index="1">
              <value>
                <![CDATA[1313133]]>
              </value>
            </param>
          </params>
          <reporter-output>
          </reporter-output>
        </test-method> <!-- tc1 -->
        <test-method signature="tc1(java.lang.String, java.lang.String)[pri:0, instance:org.test.edu.TestSample1@742ff096]" started-at="2021-08-02T04:23:09Z" name="tc1" data-provider="Test Data" finished-at="2021-08-02T04:23:21Z" duration-ms="11937" status="PASS">
          <params>
            <param index="0">
              <value>
                <![CDATA[lol]]>
              </value>
            </param>
            <param index="1">
              <value>
                <![CDATA[12211]]>
              </value>
            </param>
          </params>
          <reporter-output>
          </reporter-output>
        </test-method> <!-- tc1 -->
        <test-method signature="tc1(java.lang.String, java.lang.String)[pri:0, instance:org.test.edu.TestSample1@742ff096]" started-at="2021-08-02T04:23:21Z" name="tc1" data-provider="Test Data" finished-at="2021-08-02T04:23:38Z" duration-ms="16989" status="PASS">
          <params>
            <param index="0">
              <value>
                <![CDATA[Palaal]]>
              </value>
            </param>
            <param index="1">
              <value>
                <![CDATA[12131313]]>
              </value>
            </param>
          </params>
          <reporter-output>
          </reporter-output>
        </test-method> <!-- tc1 -->
        <test-method signature="tc2()[pri:0, instance:org.test.edu.TestSample1@742ff096]" started-at="2021-08-02T04:23:38Z" name="tc2" finished-at="2021-08-02T04:23:38Z" duration-ms="19" status="PASS">
          <reporter-output>
          </reporter-output>
        </test-method> <!-- tc2 -->
        <test-method signature="tc3()[pri:0, instance:org.test.edu.TestSample1@742ff096]" started-at="2021-08-02T04:23:38Z" name="tc3" finished-at="2021-08-02T04:23:38Z" duration-ms="2" status="PASS">
          <reporter-output>
          </reporter-output>
        </test-method> <!-- tc3 -->
        <test-method is-config="true" signature="after()[pri:0, instance:org.test.edu.TestSample1@742ff096]" started-at="2021-08-02T04:23:38Z" name="after" finished-at="2021-08-02T04:23:38Z" duration-ms="1" status="PASS">
          <reporter-output>
          </reporter-output>
        </test-method> <!-- after -->
      </class> <!-- org.test.edu.TestSample1 -->
    </test> <!-- Test -->
  </suite> <!-- Suite -->
</testng-results>
