<?xml version="1.0" encoding="UTF-8"?>
<testng-results ignored="0" total="13" passed="13" failed="0" skipped="0">
  <reporter-output>
  </reporter-output>
  <suite started-at="2021-08-02T09:13:26Z" name="Suite" finished-at="2021-08-02T09:14:25Z" duration-ms="59354">
    <groups>
    </groups>
    <test started-at="2021-08-02T09:13:26Z" name="Test" finished-at="2021-08-02T09:14:25Z" duration-ms="59354">
      <class name="org.test.edu.TestSample3">
        <test-method is-config="true" signature="befoer()[pri:0, instance:org.test.edu.TestSample3@712625fd]" started-at="2021-08-02T09:13:26Z" name="befoer" finished-at="2021-08-02T09:13:26Z" duration-ms="30" status="PASS">
          <reporter-output>
          </reporter-output>
        </test-method> <!-- befoer -->
        <test-method signature="ts3()[pri:0, instance:org.test.edu.TestSample3@712625fd]" started-at="2021-08-02T09:13:26Z" name="ts3" finished-at="2021-08-02T09:13:26Z" duration-ms="11" status="PASS">
          <reporter-output>
          </reporter-output>
        </test-method> <!-- ts3 -->
        <test-method signature="ts31()[pri:0, instance:org.test.edu.TestSample3@712625fd]" started-at="2021-08-02T09:13:26Z" name="ts31" finished-at="2021-08-02T09:13:26Z" duration-ms="20" status="PASS">
          <reporter-output>
          </reporter-output>
        </test-method> <!-- ts31 -->
        <test-method signature="ts32()[pri:0, instance:org.test.edu.TestSample3@712625fd]" started-at="2021-08-02T09:13:26Z" name="ts32" finished-at="2021-08-02T09:13:26Z" duration-ms="2" status="PASS">
          <reporter-output>
          </reporter-output>
        </test-method> <!-- ts32 -->
        <test-method is-config="true" signature="after()[pri:0, instance:org.test.edu.TestSample3@712625fd]" started-at="2021-08-02T09:13:26Z" name="after" finished-at="2021-08-02T09:13:26Z" duration-ms="0" status="PASS">
          <reporter-output>
          </reporter-output>
        </test-method> <!-- after -->
      </class> <!-- org.test.edu.TestSample3 -->
      <class name="org.test.edu.TestSample2">
        <test-method is-config="true" signature="befor()[pri:0, instance:org.test.edu.TestSample2@7bba5817]" started-at="2021-08-02T09:13:26Z" name="befor" finished-at="2021-08-02T09:13:26Z" duration-ms="1" status="PASS">
          <reporter-output>
          </reporter-output>
        </test-method> <!-- befor -->
        <test-method signature="ts2()[pri:0, instance:org.test.edu.TestSample2@7bba5817]" started-at="2021-08-02T09:13:26Z" name="ts2" finished-at="2021-08-02T09:13:26Z" duration-ms="2" status="PASS">
          <reporter-output>
          </reporter-output>
        </test-method> <!-- ts2 -->
        <test-method is-config="true" signature="befor()[pri:0, instance:org.test.edu.TestSample2@7bba5817]" started-at="2021-08-02T09:13:26Z" name="befor" finished-at="2021-08-02T09:13:26Z" duration-ms="0" status="PASS">
          <reporter-output>
          </reporter-output>
        </test-method> <!-- befor -->
        <test-method signature="ts22()[pri:0, instance:org.test.edu.TestSample2@7bba5817]" started-at="2021-08-02T09:13:26Z" name="ts22" finished-at="2021-08-02T09:13:26Z" duration-ms="15" status="PASS">
          <reporter-output>
          </reporter-output>
        </test-method> <!-- ts22 -->
        <test-method is-config="true" signature="befor()[pri:0, instance:org.test.edu.TestSample2@7bba5817]" started-at="2021-08-02T09:13:26Z" name="befor" finished-at="2021-08-02T09:13:26Z" duration-ms="1" status="PASS">
          <reporter-output>
          </reporter-output>
        </test-method> <!-- befor -->
        <test-method signature="ts23()[pri:0, instance:org.test.edu.TestSample2@7bba5817]" started-at="2021-08-02T09:13:26Z" name="ts23" finished-at="2021-08-02T09:13:26Z" duration-ms="9" status="PASS">
          <reporter-output>
          </reporter-output>
        </test-method> <!-- ts23 -->
      </class> <!-- org.test.edu.TestSample2 -->
      <class name="org.test.edu.TestSample1">
        <test-method is-config="true" signature="before()[pri:0, instance:org.test.edu.TestSample1@742ff096]" started-at="2021-08-02T09:13:26Z" name="before" finished-at="2021-08-02T09:13:26Z" duration-ms="34" status="PASS">
          <reporter-output>
          </reporter-output>
        </test-method> <!-- before -->
        <test-method signature="tc1(java.lang.String, java.lang.String)[pri:0, instance:org.test.edu.TestSample1@742ff096]" started-at="2021-08-02T09:13:26Z" name="tc1" data-provider="Test Data" finished-at="2021-08-02T09:13:39Z" duration-ms="12782" status="PASS">
          <params>
            <param index="0">
              <value>
                <![CDATA[Karthik]]>
              </value>
            </param>
            <param index="1">
              <value>
                <![CDATA[112111234]]>
              </value>
            </param>
          </params>
          <reporter-output>
          </reporter-output>
        </test-method> <!-- tc1 -->
        <test-method signature="tc1(java.lang.String, java.lang.String)[pri:0, instance:org.test.edu.TestSample1@742ff096]" started-at="2021-08-02T09:13:39Z" name="tc1" data-provider="Test Data" finished-at="2021-08-02T09:13:48Z" duration-ms="8955" status="PASS">
          <params>
            <param index="0">
              <value>
                <![CDATA[Aakakja]]>
              </value>
            </param>
            <param index="1">
              <value>
                <![CDATA[12133313]]>
              </value>
            </param>
          </params>
          <reporter-output>
          </reporter-output>
        </test-method> <!-- tc1 -->
        <test-method signature="tc1(java.lang.String, java.lang.String)[pri:0, instance:org.test.edu.TestSample1@742ff096]" started-at="2021-08-02T09:13:48Z" name="tc1" data-provider="Test Data" finished-at="2021-08-02T09:14:00Z" duration-ms="11609" status="PASS">
          <params>
            <param index="0">
              <value>
                <![CDATA[alaan]]>
              </value>
            </param>
            <param index="1">
              <value>
                <![CDATA[1313133]]>
              </value>
            </param>
          </params>
          <reporter-output>
          </reporter-output>
        </test-method> <!-- tc1 -->
        <test-method signature="tc1(java.lang.String, java.lang.String)[pri:0, instance:org.test.edu.TestSample1@742ff096]" started-at="2021-08-02T09:14:00Z" name="tc1" data-provider="Test Data" finished-at="2021-08-02T09:14:11Z" duration-ms="11159" status="PASS">
          <params>
            <param index="0">
              <value>
                <![CDATA[lol]]>
              </value>
            </param>
            <param index="1">
              <value>
                <![CDATA[12211]]>
              </value>
            </param>
          </params>
          <reporter-output>
          </reporter-output>
        </test-method> <!-- tc1 -->
        <test-method signature="tc1(java.lang.String, java.lang.String)[pri:0, instance:org.test.edu.TestSample1@742ff096]" started-at="2021-08-02T09:14:11Z" name="tc1" data-provider="Test Data" finished-at="2021-08-02T09:14:25Z" duration-ms="14572" status="PASS">
          <params>
            <param index="0">
              <value>
                <![CDATA[Palaal]]>
              </value>
            </param>
            <param index="1">
              <value>
                <![CDATA[12131313]]>
              </value>
            </param>
          </params>
          <reporter-output>
          </reporter-output>
        </test-method> <!-- tc1 -->
        <test-method signature="tc2()[pri:0, instance:org.test.edu.TestSample1@742ff096]" started-at="2021-08-02T09:14:25Z" name="tc2" finished-at="2021-08-02T09:14:25Z" duration-ms="3" status="PASS">
          <reporter-output>
          </reporter-output>
        </test-method> <!-- tc2 -->
        <test-method signature="tc3()[pri:0, instance:org.test.edu.TestSample1@742ff096]" started-at="2021-08-02T09:14:25Z" name="tc3" finished-at="2021-08-02T09:14:25Z" duration-ms="2" status="PASS">
          <reporter-output>
          </reporter-output>
        </test-method> <!-- tc3 -->
        <test-method is-config="true" signature="after()[pri:0, instance:org.test.edu.TestSample1@742ff096]" started-at="2021-08-02T09:14:25Z" name="after" finished-at="2021-08-02T09:14:25Z" duration-ms="1" status="PASS">
          <reporter-output>
          </reporter-output>
        </test-method> <!-- after -->
      </class> <!-- org.test.edu.TestSample1 -->
    </test> <!-- Test -->
  </suite> <!-- Suite -->
</testng-results>
